<?xml version="1.0" encoding="UTF-8"?>
<testng-results ignored="0" total="1" passed="1" failed="0" skipped="0">
  <reporter-output>
    <line>
      <![CDATA[hi]]>
    </line>
  </reporter-output>
  <suite started-at="2023-06-06T17:09:46 IST" name="Default suite" finished-at="2023-06-06T17:10:18 IST" duration-ms="31291">
    <groups>
    </groups>
    <test started-at="2023-06-06T17:09:46 IST" name="Default test" finished-at="2023-06-06T17:10:18 IST" duration-ms="31291">
      <class name="com.acttime.testScript.createcustomer">
        <test-method is-config="true" signature="openbrowser()[pri:0, instance:com.acttime.testScript.createcustomer@7e5afaa6]" started-at="2023-06-06T17:09:46 IST" name="openbrowser" finished-at="2023-06-06T17:10:05 IST" duration-ms="18575" status="PASS">
          <reporter-output>
          </reporter-output>
        </test-method> <!-- openbrowser -->
        <test-method is-config="true" signature="login()[pri:0, instance:com.acttime.testScript.createcustomer@7e5afaa6]" started-at="2023-06-06T17:10:05 IST" name="login" finished-at="2023-06-06T17:10:06 IST" duration-ms="1071" status="PASS">
          <reporter-output>
          </reporter-output>
        </test-method> <!-- login -->
        <test-method signature="createcustomer()[pri:0, instance:com.acttime.testScript.createcustomer@7e5afaa6]" started-at="2023-06-06T17:10:06 IST" name="createcustomer" finished-at="2023-06-06T17:10:06 IST" duration-ms="19" status="PASS">
          <reporter-output>
            <line>
              <![CDATA[hi]]>
            </line>
          </reporter-output>
        </test-method> <!-- createcustomer -->
        <test-method is-config="true" signature="logout()[pri:0, instance:com.acttime.testScript.createcustomer@7e5afaa6]" started-at="2023-06-06T17:10:06 IST" name="logout" finished-at="2023-06-06T17:10:17 IST" duration-ms="10907" status="PASS">
          <reporter-output>
          </reporter-output>
        </test-method> <!-- logout -->
        <test-method is-config="true" signature="closebrowser()[pri:0, instance:com.acttime.testScript.createcustomer@7e5afaa6]" started-at="2023-06-06T17:10:17 IST" name="closebrowser" finished-at="2023-06-06T17:10:18 IST" duration-ms="482" status="PASS">
          <reporter-output>
          </reporter-output>
        </test-method> <!-- closebrowser -->
      </class> <!-- com.acttime.testScript.createcustomer -->
    </test> <!-- Default test -->
  </suite> <!-- Default suite -->
</testng-results>
